12:21:52.090 skipping bootstrap configuration: could not find or read file: classpath:karate-config.js
12:21:52.201 [print] {
  "sysparm_fields": "number, sys_id,severity",
  "category": "software",
  "sysparm_limit": 2
}

12:21:53.255 request:
1 > GET https://dev49243.service-now.com/api/now/table/incident?sysparm_fields=number%2C+sys_id%2Cseverity&category=software&sysparm_limit=2
1 > Accept-Encoding: gzip,deflate
1 > Authorization: Basic YWRtaW46VHVuYUAxMjM=
1 > Connection: Keep-Alive
1 > Host: dev49243.service-now.com
1 > User-Agent: Apache-HttpClient/4.5.11 (Java/1.8.0_171)

12:21:56.509 response time in milliseconds: 2955.46
1 < 200
1 < Cache-control: no-cache,no-store,must-revalidate,max-age=-1
1 < Content-Type: application/json;charset=UTF-8
1 < Date: Sat, 02 May 2020 06:51:56 GMT
1 < Expires: 0
1 < Link: <https://dev49243.service-now.com/api/now/table/incident?sysparm_fields=number%2C+sys_id%2Cseverity&category=software&sysparm_limit=2&sysparm_offset=0>;rel="first",<https://dev49243.service-now.com/api/now/table/incident?sysparm_fields=number%2C+sys_id%2Cseverity&category=software&sysparm_limit=2&sysparm_offset=2>;rel="next",<https://dev49243.service-now.com/api/now/table/incident?sysparm_fields=number%2C+sys_id%2Cseverity&category=software&sysparm_limit=2&sysparm_offset=28>;rel="last"
1 < Pragma: no-store,no-cache
1 < Server: ServiceNow
1 < Set-Cookie: [JSESSIONID=243E192A9BCE0FD6B02F565C1BFBFCE5; Path=/; HttpOnly;Secure, glide_user=; Max-Age=0; Expires=Thu, 01-Jan-1970 00:00:10 GMT; Path=/; HttpOnly;Secure, glide_user_session=; Max-Age=0; Expires=Thu, 01-Jan-1970 00:00:10 GMT; Path=/; HttpOnly;Secure, glide_user_route=glide.7470a14fdac8b492f6ea54c2b7b9cf7f; Max-Age=2147483647; Expires=Thu, 20-May-2088 10:06:03 GMT; Path=/; HttpOnly;Secure, glide_session_store=3B02D5112F6010100510D6AB2799B6D5; Max-Age=1800; Expires=Sat, 02-May-2020 07:21:56 GMT; Path=/; HttpOnly;Secure, BIGipServerpool_dev49243=2458146826.38974.0000; path=/; Httponly; Secure]
1 < Strict-Transport-Security: max-age=63072000; includeSubDomains
1 < Transfer-Encoding: chunked
1 < X-Is-Logged-In: true
1 < X-Total-Count: 29
1 < X-Transaction-ID: 7f02d5112f60
{"result":[{"severity":"3","number":"INC0000019","sys_id":"46e8219ba9fe1981013806b6e04fed06"},{"severity":"3","number":"INC0000027","sys_id":"46f4f4dfa9fe198100063e60278f76ec"}]}

12:21:56.513 [print] {
  "result": [
    {
      "severity": "3",
      "number": "INC0000019",
      "sys_id": "46e8219ba9fe1981013806b6e04fed06"
    },
    {
      "severity": "3",
      "number": "INC0000027",
      "sys_id": "46f4f4dfa9fe198100063e60278f76ec"
    }
  ]
}

12:21:56.519 skipping bootstrap configuration: could not find or read file: classpath:karate-config.js
12:21:56.527 request:
1 > DELETE https://dev49243.service-now.com/api/now/table/incident/12f75a012fa410100510d6ab2799b637
1 > Accept-Encoding: gzip,deflate
1 > Authorization: Basic YWRtaW46VHVuYUAxMjM=
1 > Connection: Keep-Alive
1 > Host: dev49243.service-now.com
1 > User-Agent: Apache-HttpClient/4.5.11 (Java/1.8.0_171)

12:21:59.110 response time in milliseconds: 2195.19
1 < 404
1 < Cache-control: no-cache,no-store,must-revalidate,max-age=-1
1 < Content-Type: application/json;charset=UTF-8
1 < Date: Sat, 02 May 2020 06:51:59 GMT
1 < Expires: 0
1 < Pragma: no-store,no-cache
1 < Server: ServiceNow
1 < Set-Cookie: [JSESSIONID=2A7475F1921A5499D6942FA2CF5B8707; Path=/; HttpOnly;Secure, glide_user=; Max-Age=0; Expires=Thu, 01-Jan-1970 00:00:10 GMT; Path=/; HttpOnly;Secure, glide_user_session=; Max-Age=0; Expires=Thu, 01-Jan-1970 00:00:10 GMT; Path=/; HttpOnly;Secure, glide_user_route=glide.7470a14fdac8b492f6ea54c2b7b9cf7f; Max-Age=2147483647; Expires=Thu, 20-May-2088 10:06:06 GMT; Path=/; HttpOnly;Secure, glide_session_store=E4125D192F2010100510D6AB2799B6E2; Max-Age=1800; Expires=Sat, 02-May-2020 07:21:59 GMT; Path=/; HttpOnly;Secure, BIGipServerpool_dev49243=2458146826.38974.0000; path=/; Httponly; Secure]
1 < Strict-Transport-Security: max-age=63072000; includeSubDomains
1 < Transfer-Encoding: chunked
1 < X-Is-Logged-In: true
1 < X-Transaction-ID: 2c125d192f20
{"error":{"detail":"Record doesn't exist or ACL restricts the record retrieval","message":"No Record found"},"status":"failure"}

12:21:59.110 status code was: 404, expected: 204, response time: 2195, url: https://dev49243.service-now.com/api/now/table/incident/12f75a012fa410100510d6ab2799b637, response: {"error":{"detail":"Record doesn't exist or ACL restricts the record retrieval","message":"No Record found"},"status":"failure"}
