12:21:52.090 skipping bootstrap configuration: could not find or read file: classpath:karate-config.js
12:21:53.255 request:
1 > POST https://dev49243.service-now.com/api/now/table/incident
1 > Accept-Encoding: gzip,deflate
1 > Authorization: Basic YWRtaW46VHVuYUAxMjM=
1 > Connection: Keep-Alive
1 > Content-Length: 42
1 > Content-Type: application/json; charset=UTF-8
1 > Host: dev49243.service-now.com
1 > User-Agent: Apache-HttpClient/4.5.11 (Java/1.8.0_171)
{"short_descrption":"Created from Karate"}

12:21:57.613 response time in milliseconds: 2952.62
1 < 201
1 < Cache-control: no-cache,no-store,must-revalidate,max-age=-1
1 < Content-Type: application/json;charset=UTF-8
1 < Date: Sat, 02 May 2020 06:51:56 GMT
1 < Expires: 0
1 < Location: https://dev49243.service-now.com/api/now/table/incident/330255d52f2c10100510d6ab2799b6aa
1 < Pragma: no-store,no-cache
1 < Server: ServiceNow
1 < Set-Cookie: [JSESSIONID=A481E3A0A4E250FEA259B375D2F17E8C; Path=/; HttpOnly;Secure, glide_user=; Max-Age=0; Expires=Thu, 01-Jan-1970 00:00:10 GMT; Path=/; HttpOnly;Secure, glide_user_session=; Max-Age=0; Expires=Thu, 01-Jan-1970 00:00:10 GMT; Path=/; HttpOnly;Secure, glide_user_route=glide.7470a14fdac8b492f6ea54c2b7b9cf7f; Max-Age=2147483647; Expires=Thu, 20-May-2088 10:06:03 GMT; Path=/; HttpOnly;Secure, glide_session_store=37025D512FA010100510D6AB2799B6BA; Max-Age=1800; Expires=Sat, 02-May-2020 07:21:56 GMT; Path=/; HttpOnly;Secure, BIGipServerpool_dev49243=2458146826.38974.0000; path=/; Httponly; Secure]
1 < Strict-Transport-Security: max-age=63072000; includeSubDomains
1 < Transfer-Encoding: chunked
1 < X-Is-Logged-In: true
1 < X-Transaction-ID: 7b025d512fa0
{"result":{"parent":"","made_sla":"true","caused_by":"","watch_list":"","upon_reject":"cancel","sys_updated_on":"2020-05-02 06:51:56","child_incidents":"0","hold_reason":"","approval_history":"","number":"INC0010713","resolved_by":"","sys_updated_by":"admin","opened_by":{"link":"https://dev49243.service-now.com/api/now/table/sys_user/6816f79cc0a8016401c5a33be04be441","value":"6816f79cc0a8016401c5a33be04be441"},"user_input":"","sys_created_on":"2020-05-02 06:51:56","sys_domain":{"link":"https://dev49243.service-now.com/api/now/table/sys_user_group/global","value":"global"},"state":"1","sys_created_by":"admin","knowledge":"false","order":"","calendar_stc":"","closed_at":"","cmdb_ci":"","delivery_plan":"","contract":"","impact":"3","active":"true","work_notes_list":"","business_service":"","priority":"5","sys_domain_path":"/","rfc":"","time_worked":"","expected_start":"","opened_at":"2020-05-02 06:51:56","business_duration":"","group_list":"","work_end":"","caller_id":"","reopened_time":"","resolved_at":"","approval_set":"","subcategory":"","work_notes":"","short_description":"","close_code":"","correlation_display":"","delivery_task":"","work_start":"","assignment_group":"","additional_assignee_list":"","business_stc":"","description":"","calendar_duration":"","close_notes":"","notify":"1","service_offering":"","sys_class_name":"incident","closed_by":"","follow_up":"","parent_incident":"","sys_id":"330255d52f2c10100510d6ab2799b6aa","contact_type":"","reopened_by":"","incident_state":"1","urgency":"3","problem_id":"","company":"","reassignment_count":"0","activity_due":"","assigned_to":"","severity":"3","comments":"","approval":"not requested","sla_due":"","comments_and_work_notes":"","due_date":"","sys_mod_count":"0","reopen_count":"0","sys_tags":"","escalation":"0","upon_approval":"proceed","correlation_id":"","location":"","category":"inquiry"}}

